0 info it worked if it ends with ok
1 verbose cli [ 'node', '/usr/local/bin/npm', 'install' ]
2 info using npm@1.4.28
3 info using node@v0.10.35
4 verbose readDependencies using package.json deps
5 verbose install where, deps [ '/Users/Krishna/Desktop/XCodeApps/Speedy/server/math_server',
5 verbose install   [ 'body-parser',
5 verbose install     'cookie-parser',
5 verbose install     'debug',
5 verbose install     'express',
5 verbose install     'jade',
5 verbose install     'morgan',
5 verbose install     'serve-favicon',
5 verbose install     'mongoose',
5 verbose install     'request' ] ]
6 info preinstall math_server@0.0.1
7 verbose readDependencies using package.json deps
8 verbose cache add [ 'body-parser@~1.10.2', null ]
9 verbose cache add name=undefined spec="body-parser@~1.10.2" args=["body-parser@~1.10.2",null]
10 verbose parsed url { protocol: null,
10 verbose parsed url   slashes: null,
10 verbose parsed url   auth: null,
10 verbose parsed url   host: null,
10 verbose parsed url   port: null,
10 verbose parsed url   hostname: null,
10 verbose parsed url   hash: null,
10 verbose parsed url   search: null,
10 verbose parsed url   query: null,
10 verbose parsed url   pathname: 'body-parser@~1.10.2',
10 verbose parsed url   path: 'body-parser@~1.10.2',
10 verbose parsed url   href: 'body-parser@~1.10.2' }
11 verbose cache add [ 'cookie-parser@~1.3.3', null ]
12 verbose cache add name=undefined spec="cookie-parser@~1.3.3" args=["cookie-parser@~1.3.3",null]
13 verbose parsed url { protocol: null,
13 verbose parsed url   slashes: null,
13 verbose parsed url   auth: null,
13 verbose parsed url   host: null,
13 verbose parsed url   port: null,
13 verbose parsed url   hostname: null,
13 verbose parsed url   hash: null,
13 verbose parsed url   search: null,
13 verbose parsed url   query: null,
13 verbose parsed url   pathname: 'cookie-parser@~1.3.3',
13 verbose parsed url   path: 'cookie-parser@~1.3.3',
13 verbose parsed url   href: 'cookie-parser@~1.3.3' }
14 verbose cache add [ 'debug@~2.1.1', null ]
15 verbose cache add name=undefined spec="debug@~2.1.1" args=["debug@~2.1.1",null]
16 verbose parsed url { protocol: null,
16 verbose parsed url   slashes: null,
16 verbose parsed url   auth: null,
16 verbose parsed url   host: null,
16 verbose parsed url   port: null,
16 verbose parsed url   hostname: null,
16 verbose parsed url   hash: null,
16 verbose parsed url   search: null,
16 verbose parsed url   query: null,
16 verbose parsed url   pathname: 'debug@~2.1.1',
16 verbose parsed url   path: 'debug@~2.1.1',
16 verbose parsed url   href: 'debug@~2.1.1' }
17 verbose cache add [ 'express@~4.11.1', null ]
18 verbose cache add name=undefined spec="express@~4.11.1" args=["express@~4.11.1",null]
19 verbose parsed url { protocol: null,
19 verbose parsed url   slashes: null,
19 verbose parsed url   auth: null,
19 verbose parsed url   host: null,
19 verbose parsed url   port: null,
19 verbose parsed url   hostname: null,
19 verbose parsed url   hash: null,
19 verbose parsed url   search: null,
19 verbose parsed url   query: null,
19 verbose parsed url   pathname: 'express@~4.11.1',
19 verbose parsed url   path: 'express@~4.11.1',
19 verbose parsed url   href: 'express@~4.11.1' }
20 verbose cache add name="body-parser" spec="~1.10.2" args=["body-parser","~1.10.2"]
21 verbose parsed url { protocol: null,
21 verbose parsed url   slashes: null,
21 verbose parsed url   auth: null,
21 verbose parsed url   host: null,
21 verbose parsed url   port: null,
21 verbose parsed url   hostname: null,
21 verbose parsed url   hash: null,
21 verbose parsed url   search: null,
21 verbose parsed url   query: null,
21 verbose parsed url   pathname: '~1.10.2',
21 verbose parsed url   path: '~1.10.2',
21 verbose parsed url   href: '~1.10.2' }
22 verbose addNamed [ 'body-parser', '~1.10.2' ]
23 verbose addNamed [ null, '>=1.10.2-0 <1.11.0-0' ]
24 verbose cache add name="cookie-parser" spec="~1.3.3" args=["cookie-parser","~1.3.3"]
25 verbose parsed url { protocol: null,
25 verbose parsed url   slashes: null,
25 verbose parsed url   auth: null,
25 verbose parsed url   host: null,
25 verbose parsed url   port: null,
25 verbose parsed url   hostname: null,
25 verbose parsed url   hash: null,
25 verbose parsed url   search: null,
25 verbose parsed url   query: null,
25 verbose parsed url   pathname: '~1.3.3',
25 verbose parsed url   path: '~1.3.3',
25 verbose parsed url   href: '~1.3.3' }
26 verbose addNamed [ 'cookie-parser', '~1.3.3' ]
27 verbose addNamed [ null, '>=1.3.3-0 <1.4.0-0' ]
28 verbose cache add name="debug" spec="~2.1.1" args=["debug","~2.1.1"]
29 verbose parsed url { protocol: null,
29 verbose parsed url   slashes: null,
29 verbose parsed url   auth: null,
29 verbose parsed url   host: null,
29 verbose parsed url   port: null,
29 verbose parsed url   hostname: null,
29 verbose parsed url   hash: null,
29 verbose parsed url   search: null,
29 verbose parsed url   query: null,
29 verbose parsed url   pathname: '~2.1.1',
29 verbose parsed url   path: '~2.1.1',
29 verbose parsed url   href: '~2.1.1' }
30 verbose addNamed [ 'debug', '~2.1.1' ]
31 verbose addNamed [ null, '>=2.1.1-0 <2.2.0-0' ]
32 verbose cache add [ 'jade@~1.9.1', null ]
33 verbose cache add name=undefined spec="jade@~1.9.1" args=["jade@~1.9.1",null]
34 verbose parsed url { protocol: null,
34 verbose parsed url   slashes: null,
34 verbose parsed url   auth: null,
34 verbose parsed url   host: null,
34 verbose parsed url   port: null,
34 verbose parsed url   hostname: null,
34 verbose parsed url   hash: null,
34 verbose parsed url   search: null,
34 verbose parsed url   query: null,
34 verbose parsed url   pathname: 'jade@~1.9.1',
34 verbose parsed url   path: 'jade@~1.9.1',
34 verbose parsed url   href: 'jade@~1.9.1' }
35 verbose cache add name="express" spec="~4.11.1" args=["express","~4.11.1"]
36 verbose parsed url { protocol: null,
36 verbose parsed url   slashes: null,
36 verbose parsed url   auth: null,
36 verbose parsed url   host: null,
36 verbose parsed url   port: null,
36 verbose parsed url   hostname: null,
36 verbose parsed url   hash: null,
36 verbose parsed url   search: null,
36 verbose parsed url   query: null,
36 verbose parsed url   pathname: '~4.11.1',
36 verbose parsed url   path: '~4.11.1',
36 verbose parsed url   href: '~4.11.1' }
37 verbose addNamed [ 'express', '~4.11.1' ]
38 verbose addNamed [ null, '>=4.11.1-0 <4.12.0-0' ]
39 silly lockFile 72eb9479-body-parser-1-10-2 body-parser@~1.10.2
40 verbose lock body-parser@~1.10.2 /Users/Krishna/.npm/72eb9479-body-parser-1-10-2.lock
41 silly lockFile bf5babd8-cookie-parser-1-3-3 cookie-parser@~1.3.3
42 verbose lock cookie-parser@~1.3.3 /Users/Krishna/.npm/bf5babd8-cookie-parser-1-3-3.lock
43 silly lockFile 09d11068-debug-2-1-1 debug@~2.1.1
44 verbose lock debug@~2.1.1 /Users/Krishna/.npm/09d11068-debug-2-1-1.lock
45 silly lockFile 494d735c-express-4-11-1 express@~4.11.1
46 verbose lock express@~4.11.1 /Users/Krishna/.npm/494d735c-express-4-11-1.lock
47 verbose cache add [ 'morgan@~1.5.1', null ]
48 verbose cache add name=undefined spec="morgan@~1.5.1" args=["morgan@~1.5.1",null]
49 verbose parsed url { protocol: null,
49 verbose parsed url   slashes: null,
49 verbose parsed url   auth: null,
49 verbose parsed url   host: null,
49 verbose parsed url   port: null,
49 verbose parsed url   hostname: null,
49 verbose parsed url   hash: null,
49 verbose parsed url   search: null,
49 verbose parsed url   query: null,
49 verbose parsed url   pathname: 'morgan@~1.5.1',
49 verbose parsed url   path: 'morgan@~1.5.1',
49 verbose parsed url   href: 'morgan@~1.5.1' }
50 verbose cache add [ 'serve-favicon@~2.2.0', null ]
51 verbose cache add name=undefined spec="serve-favicon@~2.2.0" args=["serve-favicon@~2.2.0",null]
52 verbose parsed url { protocol: null,
52 verbose parsed url   slashes: null,
52 verbose parsed url   auth: null,
52 verbose parsed url   host: null,
52 verbose parsed url   port: null,
52 verbose parsed url   hostname: null,
52 verbose parsed url   hash: null,
52 verbose parsed url   search: null,
52 verbose parsed url   query: null,
52 verbose parsed url   pathname: 'serve-favicon@~2.2.0',
52 verbose parsed url   path: 'serve-favicon@~2.2.0',
52 verbose parsed url   href: 'serve-favicon@~2.2.0' }
53 verbose cache add name="jade" spec="~1.9.1" args=["jade","~1.9.1"]
54 verbose parsed url { protocol: null,
54 verbose parsed url   slashes: null,
54 verbose parsed url   auth: null,
54 verbose parsed url   host: null,
54 verbose parsed url   port: null,
54 verbose parsed url   hostname: null,
54 verbose parsed url   hash: null,
54 verbose parsed url   search: null,
54 verbose parsed url   query: null,
54 verbose parsed url   pathname: '~1.9.1',
54 verbose parsed url   path: '~1.9.1',
54 verbose parsed url   href: '~1.9.1' }
55 verbose addNamed [ 'jade', '~1.9.1' ]
56 verbose addNamed [ null, '>=1.9.1-0 <1.10.0-0' ]
57 silly lockFile 73eba92c-jade-1-9-1 jade@~1.9.1
58 verbose lock jade@~1.9.1 /Users/Krishna/.npm/73eba92c-jade-1-9-1.lock
59 verbose cache add name="morgan" spec="~1.5.1" args=["morgan","~1.5.1"]
60 verbose parsed url { protocol: null,
60 verbose parsed url   slashes: null,
60 verbose parsed url   auth: null,
60 verbose parsed url   host: null,
60 verbose parsed url   port: null,
60 verbose parsed url   hostname: null,
60 verbose parsed url   hash: null,
60 verbose parsed url   search: null,
60 verbose parsed url   query: null,
60 verbose parsed url   pathname: '~1.5.1',
60 verbose parsed url   path: '~1.5.1',
60 verbose parsed url   href: '~1.5.1' }
61 verbose addNamed [ 'morgan', '~1.5.1' ]
62 verbose addNamed [ null, '>=1.5.1-0 <1.6.0-0' ]
63 silly lockFile 66ba047d-morgan-1-5-1 morgan@~1.5.1
64 verbose lock morgan@~1.5.1 /Users/Krishna/.npm/66ba047d-morgan-1-5-1.lock
65 verbose cache add [ 'mongoose@~3.8.x', null ]
66 verbose cache add name=undefined spec="mongoose@~3.8.x" args=["mongoose@~3.8.x",null]
67 verbose parsed url { protocol: null,
67 verbose parsed url   slashes: null,
67 verbose parsed url   auth: null,
67 verbose parsed url   host: null,
67 verbose parsed url   port: null,
67 verbose parsed url   hostname: null,
67 verbose parsed url   hash: null,
67 verbose parsed url   search: null,
67 verbose parsed url   query: null,
67 verbose parsed url   pathname: 'mongoose@~3.8.x',
67 verbose parsed url   path: 'mongoose@~3.8.x',
67 verbose parsed url   href: 'mongoose@~3.8.x' }
68 verbose cache add name="serve-favicon" spec="~2.2.0" args=["serve-favicon","~2.2.0"]
69 verbose parsed url { protocol: null,
69 verbose parsed url   slashes: null,
69 verbose parsed url   auth: null,
69 verbose parsed url   host: null,
69 verbose parsed url   port: null,
69 verbose parsed url   hostname: null,
69 verbose parsed url   hash: null,
69 verbose parsed url   search: null,
69 verbose parsed url   query: null,
69 verbose parsed url   pathname: '~2.2.0',
69 verbose parsed url   path: '~2.2.0',
69 verbose parsed url   href: '~2.2.0' }
70 verbose addNamed [ 'serve-favicon', '~2.2.0' ]
71 verbose addNamed [ null, '>=2.2.0-0 <2.3.0-0' ]
72 silly lockFile 9df5bad7-serve-favicon-2-2-0 serve-favicon@~2.2.0
73 verbose lock serve-favicon@~2.2.0 /Users/Krishna/.npm/9df5bad7-serve-favicon-2-2-0.lock
74 silly addNameRange { name: 'body-parser',
74 silly addNameRange   range: '>=1.10.2-0 <1.11.0-0',
74 silly addNameRange   hasData: false }
75 silly addNameRange { name: 'cookie-parser',
75 silly addNameRange   range: '>=1.3.3-0 <1.4.0-0',
75 silly addNameRange   hasData: false }
76 silly addNameRange { name: 'debug', range: '>=2.1.1-0 <2.2.0-0', hasData: false }
77 silly addNameRange { name: 'express',
77 silly addNameRange   range: '>=4.11.1-0 <4.12.0-0',
77 silly addNameRange   hasData: false }
78 verbose cache add [ 'request@~2.x', null ]
79 verbose cache add name=undefined spec="request@~2.x" args=["request@~2.x",null]
80 verbose parsed url { protocol: null,
80 verbose parsed url   slashes: null,
80 verbose parsed url   auth: null,
80 verbose parsed url   host: null,
80 verbose parsed url   port: null,
80 verbose parsed url   hostname: null,
80 verbose parsed url   hash: null,
80 verbose parsed url   search: null,
80 verbose parsed url   query: null,
80 verbose parsed url   pathname: 'request@~2.x',
80 verbose parsed url   path: 'request@~2.x',
80 verbose parsed url   href: 'request@~2.x' }
81 verbose cache add name="mongoose" spec="~3.8.x" args=["mongoose","~3.8.x"]
82 verbose parsed url { protocol: null,
82 verbose parsed url   slashes: null,
82 verbose parsed url   auth: null,
82 verbose parsed url   host: null,
82 verbose parsed url   port: null,
82 verbose parsed url   hostname: null,
82 verbose parsed url   hash: null,
82 verbose parsed url   search: null,
82 verbose parsed url   query: null,
82 verbose parsed url   pathname: '~3.8.x',
82 verbose parsed url   path: '~3.8.x',
82 verbose parsed url   href: '~3.8.x' }
83 verbose addNamed [ 'mongoose', '~3.8.x' ]
84 verbose addNamed [ null, '>=3.8.0-0 <3.9.0-0' ]
85 silly lockFile 39330171-mongoose-3-8-x mongoose@~3.8.x
86 verbose lock mongoose@~3.8.x /Users/Krishna/.npm/39330171-mongoose-3-8-x.lock
87 silly addNameRange { name: 'jade', range: '>=1.9.1-0 <1.10.0-0', hasData: false }
88 verbose request where is /cookie-parser
89 verbose request registry https://registry.npmjs.org/
90 verbose request id b86bbada71085e1c
91 verbose url raw /cookie-parser
92 verbose url resolving [ 'https://registry.npmjs.org/', './cookie-parser' ]
93 verbose url resolved https://registry.npmjs.org/cookie-parser
94 verbose request where is https://registry.npmjs.org/cookie-parser
95 info trying registry request attempt 1 at 18:34:40
96 http GET https://registry.npmjs.org/cookie-parser
97 silly addNameRange { name: 'morgan', range: '>=1.5.1-0 <1.6.0-0', hasData: false }
98 verbose cache add name="request" spec="~2.x" args=["request","~2.x"]
99 verbose parsed url { protocol: null,
99 verbose parsed url   slashes: null,
99 verbose parsed url   auth: null,
99 verbose parsed url   host: null,
99 verbose parsed url   port: null,
99 verbose parsed url   hostname: null,
99 verbose parsed url   hash: null,
99 verbose parsed url   search: null,
99 verbose parsed url   query: null,
99 verbose parsed url   pathname: '~2.x',
99 verbose parsed url   path: '~2.x',
99 verbose parsed url   href: '~2.x' }
100 verbose addNamed [ 'request', '~2.x' ]
101 verbose addNamed [ null, '>=2.0.0-0 <3.0.0-0' ]
102 silly lockFile e4d1ae68-request-2-x request@~2.x
103 verbose lock request@~2.x /Users/Krishna/.npm/e4d1ae68-request-2-x.lock
104 silly addNameRange { name: 'serve-favicon',
104 silly addNameRange   range: '>=2.2.0-0 <2.3.0-0',
104 silly addNameRange   hasData: false }
105 verbose request where is /morgan
106 verbose request registry https://registry.npmjs.org/
107 verbose url raw /morgan
108 verbose url resolving [ 'https://registry.npmjs.org/', './morgan' ]
109 verbose url resolved https://registry.npmjs.org/morgan
110 verbose request where is https://registry.npmjs.org/morgan
111 info trying registry request attempt 1 at 18:34:40
112 http GET https://registry.npmjs.org/morgan
113 silly addNameRange { name: 'mongoose', range: '>=3.8.0-0 <3.9.0-0', hasData: false }
114 verbose request where is /serve-favicon
115 verbose request registry https://registry.npmjs.org/
116 verbose url raw /serve-favicon
117 verbose url resolving [ 'https://registry.npmjs.org/', './serve-favicon' ]
118 verbose url resolved https://registry.npmjs.org/serve-favicon
119 verbose request where is https://registry.npmjs.org/serve-favicon
120 info trying registry request attempt 1 at 18:34:40
121 http GET https://registry.npmjs.org/serve-favicon
122 silly addNameRange { name: 'request', range: '>=2.0.0-0 <3.0.0-0', hasData: false }
123 verbose request where is /body-parser
124 verbose request registry https://registry.npmjs.org/
125 verbose url raw /body-parser
126 verbose url resolving [ 'https://registry.npmjs.org/', './body-parser' ]
127 verbose url resolved https://registry.npmjs.org/body-parser
128 verbose request where is https://registry.npmjs.org/body-parser
129 info trying registry request attempt 1 at 18:34:40
130 verbose etag "DYKUVG1IC4ZWT84B6CJ1F7HGQ"
131 http GET https://registry.npmjs.org/body-parser
132 verbose request where is /request
133 verbose request registry https://registry.npmjs.org/
134 verbose url raw /request
135 verbose url resolving [ 'https://registry.npmjs.org/', './request' ]
136 verbose url resolved https://registry.npmjs.org/request
137 verbose request where is https://registry.npmjs.org/request
138 info trying registry request attempt 1 at 18:34:40
139 http GET https://registry.npmjs.org/request
140 verbose request where is /debug
141 verbose request registry https://registry.npmjs.org/
142 verbose url raw /debug
143 verbose url resolving [ 'https://registry.npmjs.org/', './debug' ]
144 verbose url resolved https://registry.npmjs.org/debug
145 verbose request where is https://registry.npmjs.org/debug
146 info trying registry request attempt 1 at 18:34:40
147 verbose etag "E4GF5P8VCU0I866LU7KKBTKRC"
148 http GET https://registry.npmjs.org/debug
149 verbose request where is /express
150 verbose request registry https://registry.npmjs.org/
151 verbose url raw /express
152 verbose url resolving [ 'https://registry.npmjs.org/', './express' ]
153 verbose url resolved https://registry.npmjs.org/express
154 verbose request where is https://registry.npmjs.org/express
155 info trying registry request attempt 1 at 18:34:40
156 verbose etag "AMUW3AX4Q45VXNX1Z55ZSA8YO"
157 http GET https://registry.npmjs.org/express
158 verbose request where is /jade
159 verbose request registry https://registry.npmjs.org/
160 verbose url raw /jade
161 verbose url resolving [ 'https://registry.npmjs.org/', './jade' ]
162 verbose url resolved https://registry.npmjs.org/jade
163 verbose request where is https://registry.npmjs.org/jade
164 info trying registry request attempt 1 at 18:34:40
165 verbose etag "5UBJBOWOY3KX298JE4RB13RO4"
166 http GET https://registry.npmjs.org/jade
167 verbose request where is /mongoose
168 verbose request registry https://registry.npmjs.org/
169 verbose url raw /mongoose
170 verbose url resolving [ 'https://registry.npmjs.org/', './mongoose' ]
171 verbose url resolved https://registry.npmjs.org/mongoose
172 verbose request where is https://registry.npmjs.org/mongoose
173 info trying registry request attempt 1 at 18:34:40
174 verbose etag "94KBTJLHPUFB9SJKB8S83G2BM"
175 http GET https://registry.npmjs.org/mongoose
176 http 200 https://registry.npmjs.org/morgan
177 silly registry.get cb [ 200,
177 silly registry.get   { date: 'Mon, 09 Feb 2015 02:34:40 GMT',
177 silly registry.get     server: 'CouchDB/1.5.0 (Erlang OTP/R16B03)',
177 silly registry.get     etag: '"1K9YEBUETVSA9LO1JSULWY06A"',
177 silly registry.get     'content-type': 'application/json',
177 silly registry.get     'cache-control': 'max-age=60',
177 silly registry.get     'content-length': '33703',
177 silly registry.get     'accept-ranges': 'bytes',
177 silly registry.get     via: '1.1 varnish',
177 silly registry.get     age: '4',
177 silly registry.get     'x-served-by': 'cache-lax1422-LAX',
177 silly registry.get     'x-cache': 'HIT',
177 silly registry.get     'x-cache-hits': '1',
177 silly registry.get     'x-timer': 'S1423449280.876309,VS0,VE0',
177 silly registry.get     vary: 'Accept',
177 silly registry.get     'keep-alive': 'timeout=10, max=50',
177 silly registry.get     connection: 'Keep-Alive' } ]
178 http 200 https://registry.npmjs.org/cookie-parser
179 silly registry.get cb [ 200,
179 silly registry.get   { date: 'Mon, 09 Feb 2015 02:34:40 GMT',
179 silly registry.get     server: 'CouchDB/1.5.0 (Erlang OTP/R16B03)',
179 silly registry.get     etag: '"8W6SXDY3U40R9WKWLYB64BDGC"',
179 silly registry.get     'content-type': 'application/json',
179 silly registry.get     'cache-control': 'max-age=60',
179 silly registry.get     'content-length': '14284',
179 silly registry.get     'accept-ranges': 'bytes',
179 silly registry.get     via: '1.1 varnish',
179 silly registry.get     age: '0',
179 silly registry.get     'x-served-by': 'cache-lax1433-LAX',
179 silly registry.get     'x-cache': 'HIT',
179 silly registry.get     'x-cache-hits': '1',
179 silly registry.get     'x-timer': 'S1423449280.884912,VS0,VE38',
179 silly registry.get     vary: 'Accept',
179 silly registry.get     'keep-alive': 'timeout=10, max=50',
179 silly registry.get     connection: 'Keep-Alive' } ]
180 silly addNameRange number 2 { name: 'cookie-parser',
180 silly addNameRange   range: '>=1.3.3-0 <1.4.0-0',
180 silly addNameRange   hasData: true }
181 silly addNameRange versions [ 'cookie-parser',
181 silly addNameRange   [ '1.0.0',
181 silly addNameRange     '1.0.1',
181 silly addNameRange     '1.1.0',
181 silly addNameRange     '1.2.0',
181 silly addNameRange     '1.3.0',
181 silly addNameRange     '1.3.1',
181 silly addNameRange     '1.3.2',
181 silly addNameRange     '1.3.3' ] ]
182 verbose addNamed [ 'cookie-parser', '1.3.3' ]
183 verbose addNamed [ '1.3.3', '1.3.3' ]
184 silly lockFile 68450bd4-cookie-parser-1-3-3 cookie-parser@1.3.3
185 verbose lock cookie-parser@1.3.3 /Users/Krishna/.npm/68450bd4-cookie-parser-1-3-3.lock
186 silly addNameRange number 2 { name: 'morgan', range: '>=1.5.1-0 <1.6.0-0', hasData: true }
187 silly addNameRange versions [ 'morgan',
187 silly addNameRange   [ '1.0.0',
187 silly addNameRange     '1.0.1',
187 silly addNameRange     '1.1.0',
187 silly addNameRange     '1.1.1',
187 silly addNameRange     '1.2.0',
187 silly addNameRange     '1.2.1',
187 silly addNameRange     '1.2.2',
187 silly addNameRange     '1.2.3',
187 silly addNameRange     '1.3.0',
187 silly addNameRange     '1.3.1',
187 silly addNameRange     '1.3.2',
187 silly addNameRange     '1.4.0',
187 silly addNameRange     '1.4.1',
187 silly addNameRange     '1.5.0',
187 silly addNameRange     '1.5.1' ] ]
188 verbose addNamed [ 'morgan', '1.5.1' ]
189 verbose addNamed [ '1.5.1', '1.5.1' ]
190 silly lockFile 7ab299d0-morgan-1-5-1 morgan@1.5.1
191 verbose lock morgan@1.5.1 /Users/Krishna/.npm/7ab299d0-morgan-1-5-1.lock
192 silly lockFile 864e7377-e-parser-cookie-parser-1-3-3-tgz https://registry.npmjs.org/cookie-parser/-/cookie-parser-1.3.3.tgz
193 verbose lock https://registry.npmjs.org/cookie-parser/-/cookie-parser-1.3.3.tgz /Users/Krishna/.npm/864e7377-e-parser-cookie-parser-1-3-3-tgz.lock
194 silly lockFile 989d1ba9-pmjs-org-morgan-morgan-1-5-1-tgz https://registry.npmjs.org/morgan/-/morgan-1.5.1.tgz
195 verbose lock https://registry.npmjs.org/morgan/-/morgan-1.5.1.tgz /Users/Krishna/.npm/989d1ba9-pmjs-org-morgan-morgan-1-5-1-tgz.lock
196 verbose addRemoteTarball [ 'https://registry.npmjs.org/cookie-parser/-/cookie-parser-1.3.3.tgz',
196 verbose addRemoteTarball   '7e3a2c745f4b460d5a340e578a0baa5d7725fe37' ]
197 verbose addRemoteTarball [ 'https://registry.npmjs.org/morgan/-/morgan-1.5.1.tgz',
197 verbose addRemoteTarball   'a9688eed9187ab648d816fc09c696fae882e16f6' ]
198 info retry fetch attempt 1 at 18:34:41
199 verbose fetch to= /var/folders/sh/t520lg613sz_n2yqc7231f6w0000gn/T/npm-640-RmHT1Qtw/registry.npmjs.org/cookie-parser/-/cookie-parser-1.3.3.tgz
200 info retry fetch attempt 1 at 18:34:41
201 verbose fetch to= /var/folders/sh/t520lg613sz_n2yqc7231f6w0000gn/T/npm-640-RmHT1Qtw/registry.npmjs.org/morgan/-/morgan-1.5.1.tgz
202 http GET https://registry.npmjs.org/cookie-parser/-/cookie-parser-1.3.3.tgz
203 http GET https://registry.npmjs.org/morgan/-/morgan-1.5.1.tgz
204 http 200 https://registry.npmjs.org/body-parser
205 silly registry.get cb [ 200,
205 silly registry.get   { date: 'Mon, 09 Feb 2015 02:34:40 GMT',
205 silly registry.get     server: 'CouchDB/1.5.0 (Erlang OTP/R16B03)',
205 silly registry.get     etag: '"CQT1ETO6E37NGMZHIBHF79O2X"',
205 silly registry.get     'content-type': 'application/json',
205 silly registry.get     'cache-control': 'max-age=60',
205 silly registry.get     'content-length': '81953',
205 silly registry.get     'accept-ranges': 'bytes',
205 silly registry.get     via: '1.1 varnish',
205 silly registry.get     age: '4',
205 silly registry.get     'x-served-by': 'cache-lax1423-LAX',
205 silly registry.get     'x-cache': 'HIT',
205 silly registry.get     'x-cache-hits': '1',
205 silly registry.get     'x-timer': 'S1423449280.879635,VS0,VE0',
205 silly registry.get     vary: 'Accept',
205 silly registry.get     'keep-alive': 'timeout=10, max=50',
205 silly registry.get     connection: 'Keep-Alive' } ]
206 http 200 https://registry.npmjs.org/serve-favicon
207 silly registry.get cb [ 200,
207 silly registry.get   { date: 'Mon, 09 Feb 2015 02:34:40 GMT',
207 silly registry.get     server: 'CouchDB/1.6.1 (Erlang OTP/R14B04)',
207 silly registry.get     etag: '"CDLK9IBY3N37A8AEJ4HK60CJF"',
207 silly registry.get     'content-type': 'application/json',
207 silly registry.get     'cache-control': 'max-age=60',
207 silly registry.get     'content-length': '20462',
207 silly registry.get     'accept-ranges': 'bytes',
207 silly registry.get     via: '1.1 varnish',
207 silly registry.get     age: '0',
207 silly registry.get     'x-served-by': 'cache-lax1435-LAX',
207 silly registry.get     'x-cache': 'HIT',
207 silly registry.get     'x-cache-hits': '1',
207 silly registry.get     'x-timer': 'S1423449280.877020,VS0,VE72',
207 silly registry.get     vary: 'Accept',
207 silly registry.get     'keep-alive': 'timeout=10, max=50',
207 silly registry.get     connection: 'Keep-Alive' } ]
208 silly addNameRange number 2 { name: 'body-parser',
208 silly addNameRange   range: '>=1.10.2-0 <1.11.0-0',
208 silly addNameRange   hasData: true }
209 silly addNameRange versions [ 'body-parser',
209 silly addNameRange   [ '1.0.0',
209 silly addNameRange     '1.0.1',
209 silly addNameRange     '1.0.2',
209 silly addNameRange     '1.1.0',
209 silly addNameRange     '1.1.1',
209 silly addNameRange     '1.1.2',
209 silly addNameRange     '1.2.0',
209 silly addNameRange     '1.2.1',
209 silly addNameRange     '1.2.2',
209 silly addNameRange     '1.3.0',
209 silly addNameRange     '1.3.1',
209 silly addNameRange     '1.4.0',
209 silly addNameRange     '1.4.1',
209 silly addNameRange     '1.4.2',
209 silly addNameRange     '1.4.3',
209 silly addNameRange     '1.5.0',
209 silly addNameRange     '1.5.1',
209 silly addNameRange     '1.5.2',
209 silly addNameRange     '1.6.0',
209 silly addNameRange     '1.6.1',
209 silly addNameRange     '1.6.2',
209 silly addNameRange     '1.6.3',
209 silly addNameRange     '1.6.4',
209 silly addNameRange     '1.6.5',
209 silly addNameRange     '1.6.6',
209 silly addNameRange     '1.6.7',
209 silly addNameRange     '1.7.0',
209 silly addNameRange     '1.8.0',
209 silly addNameRange     '1.8.1',
209 silly addNameRange     '1.8.2',
209 silly addNameRange     '1.8.3',
209 silly addNameRange     '1.8.4',
209 silly addNameRange     '1.9.0',
209 silly addNameRange     '1.9.1',
209 silly addNameRange     '1.9.2',
209 silly addNameRange     '1.9.3',
209 silly addNameRange     '1.10.0',
209 silly addNameRange     '1.10.1',
209 silly addNameRange     '1.10.2',
209 silly addNameRange     '1.11.0' ] ]
210 verbose addNamed [ 'body-parser', '1.10.2' ]
211 verbose addNamed [ '1.10.2', '1.10.2' ]
212 silly lockFile 6255e82a-body-parser-1-10-2 body-parser@1.10.2
213 verbose lock body-parser@1.10.2 /Users/Krishna/.npm/6255e82a-body-parser-1-10-2.lock
214 silly addNameRange number 2 { name: 'serve-favicon',
214 silly addNameRange   range: '>=2.2.0-0 <2.3.0-0',
214 silly addNameRange   hasData: true }
215 silly addNameRange versions [ 'serve-favicon',
215 silly addNameRange   [ '2.0.0',
215 silly addNameRange     '2.0.1',
215 silly addNameRange     '2.1.0',
215 silly addNameRange     '2.1.1',
215 silly addNameRange     '2.1.2',
215 silly addNameRange     '2.1.3',
215 silly addNameRange     '2.1.4',
215 silly addNameRange     '2.1.5',
215 silly addNameRange     '2.1.6',
215 silly addNameRange     '2.1.7',
215 silly addNameRange     '2.2.0' ] ]
216 verbose addNamed [ 'serve-favicon', '2.2.0' ]
217 verbose addNamed [ '2.2.0', '2.2.0' ]
218 silly lockFile cef81d7c-serve-favicon-2-2-0 serve-favicon@2.2.0
219 verbose lock serve-favicon@2.2.0 /Users/Krishna/.npm/cef81d7c-serve-favicon-2-2-0.lock
220 silly lockFile cf44cf19--favicon-serve-favicon-2-2-0-tgz https://registry.npmjs.org/serve-favicon/-/serve-favicon-2.2.0.tgz
221 verbose lock https://registry.npmjs.org/serve-favicon/-/serve-favicon-2.2.0.tgz /Users/Krishna/.npm/cf44cf19--favicon-serve-favicon-2-2-0-tgz.lock
222 verbose addRemoteTarball [ 'https://registry.npmjs.org/serve-favicon/-/serve-favicon-2.2.0.tgz',
222 verbose addRemoteTarball   'a0c25ee8a652e1a638a67db46269cd52a8705858' ]
223 info retry fetch attempt 1 at 18:34:41
224 verbose fetch to= /var/folders/sh/t520lg613sz_n2yqc7231f6w0000gn/T/npm-640-RmHT1Qtw/registry.npmjs.org/serve-favicon/-/serve-favicon-2.2.0.tgz
225 http GET https://registry.npmjs.org/serve-favicon/-/serve-favicon-2.2.0.tgz
226 silly lockFile 6255e82a-body-parser-1-10-2 body-parser@1.10.2
227 silly lockFile 6255e82a-body-parser-1-10-2 body-parser@1.10.2
228 silly lockFile 72eb9479-body-parser-1-10-2 body-parser@~1.10.2
229 silly lockFile 72eb9479-body-parser-1-10-2 body-parser@~1.10.2
230 http 200 https://registry.npmjs.org/debug
231 silly registry.get cb [ 200,
231 silly registry.get   { date: 'Mon, 09 Feb 2015 02:34:41 GMT',
231 silly registry.get     server: 'CouchDB/1.5.0 (Erlang OTP/R16B03)',
231 silly registry.get     etag: '"BS4OCK22WG0AC03R3ALDY0LMH"',
231 silly registry.get     'content-type': 'application/json',
231 silly registry.get     'cache-control': 'max-age=60',
231 silly registry.get     'content-length': '30038',
231 silly registry.get     'accept-ranges': 'bytes',
231 silly registry.get     via: '1.1 varnish',
231 silly registry.get     age: '59',
231 silly registry.get     'x-served-by': 'cache-lax1422-LAX',
231 silly registry.get     'x-cache': 'HIT',
231 silly registry.get     'x-cache-hits': '5',
231 silly registry.get     'x-timer': 'S1423449281.009339,VS0,VE0',
231 silly registry.get     vary: 'Accept',
231 silly registry.get     'keep-alive': 'timeout=10, max=49',
231 silly registry.get     connection: 'Keep-Alive' } ]
232 silly addNameRange number 2 { name: 'debug', range: '>=2.1.1-0 <2.2.0-0', hasData: true }
233 silly addNameRange versions [ 'debug',
233 silly addNameRange   [ '0.0.1',
233 silly addNameRange     '0.1.0',
233 silly addNameRange     '0.2.0',
233 silly addNameRange     '0.3.0',
233 silly addNameRange     '0.4.0',
233 silly addNameRange     '0.4.1',
233 silly addNameRange     '0.5.0',
233 silly addNameRange     '0.6.0',
233 silly addNameRange     '0.7.0',
233 silly addNameRange     '0.7.1',
233 silly addNameRange     '0.7.2',
233 silly addNameRange     '0.7.3',
233 silly addNameRange     '0.7.4',
233 silly addNameRange     '0.8.0',
233 silly addNameRange     '0.8.1',
233 silly addNameRange     '1.0.0',
233 silly addNameRange     '1.0.1',
233 silly addNameRange     '1.0.2',
233 silly addNameRange     '1.0.3',
233 silly addNameRange     '1.0.4',
233 silly addNameRange     '2.0.0',
233 silly addNameRange     '2.1.0',
233 silly addNameRange     '2.1.1' ] ]
234 verbose addNamed [ 'debug', '2.1.1' ]
235 verbose addNamed [ '2.1.1', '2.1.1' ]
236 silly lockFile 656b33b7-debug-2-1-1 debug@2.1.1
237 verbose lock debug@2.1.1 /Users/Krishna/.npm/656b33b7-debug-2-1-1.lock
238 silly lockFile 656b33b7-debug-2-1-1 debug@2.1.1
239 silly lockFile 656b33b7-debug-2-1-1 debug@2.1.1
240 silly lockFile 09d11068-debug-2-1-1 debug@~2.1.1
241 silly lockFile 09d11068-debug-2-1-1 debug@~2.1.1
242 http 200 https://registry.npmjs.org/request
243 silly registry.get cb [ 200,
243 silly registry.get   { date: 'Mon, 09 Feb 2015 02:34:40 GMT',
243 silly registry.get     server: 'CouchDB/1.6.1 (Erlang OTP/R14B04)',
243 silly registry.get     etag: '"63WNA445V2BJYIKJ23OC1Z2EK"',
243 silly registry.get     'content-type': 'application/json',
243 silly registry.get     'cache-control': 'max-age=60',
243 silly registry.get     'content-length': '139989',
243 silly registry.get     'accept-ranges': 'bytes',
243 silly registry.get     via: '1.1 varnish',
243 silly registry.get     age: '19',
243 silly registry.get     'x-served-by': 'cache-lax1426-LAX',
243 silly registry.get     'x-cache': 'HIT',
243 silly registry.get     'x-cache-hits': '2',
243 silly registry.get     'x-timer': 'S1423449280.884390,VS0,VE0',
243 silly registry.get     vary: 'Accept',
243 silly registry.get     'keep-alive': 'timeout=10, max=50',
243 silly registry.get     connection: 'Keep-Alive' } ]
244 silly addNameRange number 2 { name: 'request', range: '>=2.0.0-0 <3.0.0-0', hasData: true }
245 silly addNameRange versions [ 'request',
245 silly addNameRange   [ '0.10.0',
245 silly addNameRange     '0.8.3',
245 silly addNameRange     '0.9.0',
245 silly addNameRange     '0.9.1',
245 silly addNameRange     '0.9.5',
245 silly addNameRange     '1.0.0',
245 silly addNameRange     '1.1.0',
245 silly addNameRange     '1.1.1',
245 silly addNameRange     '1.2.0',
245 silly addNameRange     '1.9.0',
245 silly addNameRange     '1.9.1',
245 silly addNameRange     '1.9.2',
245 silly addNameRange     '1.9.3',
245 silly addNameRange     '1.9.5',
245 silly addNameRange     '1.9.7',
245 silly addNameRange     '1.9.8',
245 silly addNameRange     '1.9.9',
245 silly addNameRange     '2.0.0',
245 silly addNameRange     '2.0.1',
245 silly addNameRange     '2.0.2',
245 silly addNameRange     '2.0.3',
245 silly addNameRange     '2.0.4',
245 silly addNameRange     '2.0.5',
245 silly addNameRange     '2.1.0',
245 silly addNameRange     '2.1.1',
245 silly addNameRange     '2.2.0',
245 silly addNameRange     '2.2.5',
245 silly addNameRange     '2.2.6',
245 silly addNameRange     '2.2.9',
245 silly addNameRange     '2.9.0',
245 silly addNameRange     '2.9.1',
245 silly addNameRange     '2.9.2',
245 silly addNameRange     '2.9.3',
245 silly addNameRange     '2.9.100',
245 silly addNameRange     '2.9.150',
245 silly addNameRange     '2.9.151',
245 silly addNameRange     '2.9.152',
245 silly addNameRange     '2.9.153',
245 silly addNameRange     '2.9.200',
245 silly addNameRange     '2.9.201',
245 silly addNameRange     '2.9.202',
245 silly addNameRange     '2.9.203',
245 silly addNameRange     '2.10.0',
245 silly addNameRange     '2.11.0',
245 silly addNameRange     '2.11.1',
245 silly addNameRange     '2.11.2',
245 silly addNameRange     '2.11.3',
245 silly addNameRange     '2.11.4',
245 silly addNameRange     '2.12.0',
245 silly addNameRange     '2.14.0',
245 silly addNameRange     '2.16.0',
245 silly addNameRange     '2.16.2',
245 silly addNameRange     '2.16.4',
245 silly addNameRange     '2.16.6',
245 silly addNameRange     '2.18.0',
245 silly addNameRange     '2.19.0',
245 silly addNameRange     '2.20.0',
245 silly addNameRange     '2.21.0',
245 silly addNameRange     '2.22.0',
245 silly addNameRange     '2.23.0',
245 silly addNameRange     '2.24.0',
245 silly addNameRange     '2.25.0',
245 silly addNameRange     '2.26.0',
245 silly addNameRange     '2.27.0',
245 silly addNameRange     '2.28.0',
245 silly addNameRange     '2.29.0',
245 silly addNameRange     '2.30.0',
245 silly addNameRange     '2.31.0',
245 silly addNameRange     '2.32.0',
245 silly addNameRange     '2.33.0',
245 silly addNameRange     '2.34.0',
245 silly addNameRange     '2.35.0',
245 silly addNameRange     '2.36.0',
245 silly addNameRange     '2.37.0',
245 silly addNameRange     '2.38.0',
245 silly addNameRange     '2.39.0',
245 silly addNameRange     '2.40.0',
245 silly addNameRange     '2.41.0',
245 silly addNameRange     '2.42.0',
245 silly addNameRange     '2.43.0',
245 silly addNameRange     '2.44.0',
245 silly addNameRange     '2.45.0',
245 silly addNameRange     '2.46.0',
245 silly addNameRange     '2.47.0',
245 silly addNameRange     '2.48.0',
245 silly addNameRange     '2.49.0',
245 silly addNameRange     '2.50.0',
245 silly addNameRange     '2.51.0',
245 silly addNameRange     '2.52.0',
245 silly addNameRange     '2.53.0' ] ]
246 verbose addNamed [ 'request', '2.53.0' ]
247 verbose addNamed [ '2.53.0', '2.53.0' ]
248 silly lockFile aee8052e-request-2-53-0 request@2.53.0
249 verbose lock request@2.53.0 /Users/Krishna/.npm/aee8052e-request-2-53-0.lock
250 silly lockFile ba72365e-s-org-request-request-2-53-0-tgz https://registry.npmjs.org/request/-/request-2.53.0.tgz
251 verbose lock https://registry.npmjs.org/request/-/request-2.53.0.tgz /Users/Krishna/.npm/ba72365e-s-org-request-request-2-53-0-tgz.lock
252 verbose addRemoteTarball [ 'https://registry.npmjs.org/request/-/request-2.53.0.tgz',
252 verbose addRemoteTarball   '180a3ae92b7b639802e4f9545dd8fcdeb71d760c' ]
253 info retry fetch attempt 1 at 18:34:41
254 verbose fetch to= /var/folders/sh/t520lg613sz_n2yqc7231f6w0000gn/T/npm-640-RmHT1Qtw/registry.npmjs.org/request/-/request-2.53.0.tgz
255 http GET https://registry.npmjs.org/request/-/request-2.53.0.tgz
256 http 200 https://registry.npmjs.org/cookie-parser/-/cookie-parser-1.3.3.tgz
257 http 200 https://registry.npmjs.org/morgan/-/morgan-1.5.1.tgz
258 silly lockFile 864e7377-e-parser-cookie-parser-1-3-3-tgz https://registry.npmjs.org/cookie-parser/-/cookie-parser-1.3.3.tgz
259 silly lockFile 864e7377-e-parser-cookie-parser-1-3-3-tgz https://registry.npmjs.org/cookie-parser/-/cookie-parser-1.3.3.tgz
260 silly lockFile 68450bd4-cookie-parser-1-3-3 cookie-parser@1.3.3
261 silly lockFile 68450bd4-cookie-parser-1-3-3 cookie-parser@1.3.3
262 silly lockFile bf5babd8-cookie-parser-1-3-3 cookie-parser@~1.3.3
263 silly lockFile bf5babd8-cookie-parser-1-3-3 cookie-parser@~1.3.3
264 silly lockFile 989d1ba9-pmjs-org-morgan-morgan-1-5-1-tgz https://registry.npmjs.org/morgan/-/morgan-1.5.1.tgz
265 silly lockFile 989d1ba9-pmjs-org-morgan-morgan-1-5-1-tgz https://registry.npmjs.org/morgan/-/morgan-1.5.1.tgz
266 silly lockFile 7ab299d0-morgan-1-5-1 morgan@1.5.1
267 silly lockFile 7ab299d0-morgan-1-5-1 morgan@1.5.1
268 silly lockFile 66ba047d-morgan-1-5-1 morgan@~1.5.1
269 silly lockFile 66ba047d-morgan-1-5-1 morgan@~1.5.1
270 http 200 https://registry.npmjs.org/serve-favicon/-/serve-favicon-2.2.0.tgz
271 silly lockFile cf44cf19--favicon-serve-favicon-2-2-0-tgz https://registry.npmjs.org/serve-favicon/-/serve-favicon-2.2.0.tgz
272 silly lockFile cf44cf19--favicon-serve-favicon-2-2-0-tgz https://registry.npmjs.org/serve-favicon/-/serve-favicon-2.2.0.tgz
273 silly lockFile cef81d7c-serve-favicon-2-2-0 serve-favicon@2.2.0
274 silly lockFile cef81d7c-serve-favicon-2-2-0 serve-favicon@2.2.0
275 silly lockFile 9df5bad7-serve-favicon-2-2-0 serve-favicon@~2.2.0
276 silly lockFile 9df5bad7-serve-favicon-2-2-0 serve-favicon@~2.2.0
277 http 200 https://registry.npmjs.org/jade
278 silly registry.get cb [ 200,
278 silly registry.get   { date: 'Mon, 09 Feb 2015 02:34:41 GMT',
278 silly registry.get     server: 'CouchDB/1.5.0 (Erlang OTP/R16B03)',
278 silly registry.get     etag: '"672EEVL8PXFLV53CI5ECEEMRX"',
278 silly registry.get     'content-type': 'application/json',
278 silly registry.get     'cache-control': 'max-age=60',
278 silly registry.get     'content-length': '141835',
278 silly registry.get     'accept-ranges': 'bytes',
278 silly registry.get     via: '1.1 varnish',
278 silly registry.get     age: '0',
278 silly registry.get     'x-served-by': 'cache-lax1423-LAX',
278 silly registry.get     'x-cache': 'HIT',
278 silly registry.get     'x-cache-hits': '1',
278 silly registry.get     'x-timer': 'S1423449281.043330,VS0,VE41',
278 silly registry.get     vary: 'Accept',
278 silly registry.get     'keep-alive': 'timeout=10, max=49',
278 silly registry.get     connection: 'Keep-Alive' } ]
279 silly addNameRange number 2 { name: 'jade', range: '>=1.9.1-0 <1.10.0-0', hasData: true }
280 silly addNameRange versions [ 'jade',
280 silly addNameRange   [ '0.0.1',
280 silly addNameRange     '0.0.2',
280 silly addNameRange     '0.1.0',
280 silly addNameRange     '0.2.0',
280 silly addNameRange     '0.2.1',
280 silly addNameRange     '0.2.2',
280 silly addNameRange     '0.2.3',
280 silly addNameRange     '0.2.4',
280 silly addNameRange     '0.3.0',
280 silly addNameRange     '0.4.0',
280 silly addNameRange     '0.4.1',
280 silly addNameRange     '0.5.0',
280 silly addNameRange     '0.5.1',
280 silly addNameRange     '0.5.2',
280 silly addNameRange     '0.5.3',
280 silly addNameRange     '0.5.4',
280 silly addNameRange     '0.5.5',
280 silly addNameRange     '0.5.6',
280 silly addNameRange     '0.5.7',
280 silly addNameRange     '0.6.0',
280 silly addNameRange     '0.6.1',
280 silly addNameRange     '0.6.3',
280 silly addNameRange     '0.7.0',
280 silly addNameRange     '0.7.1',
280 silly addNameRange     '0.8.0',
280 silly addNameRange     '0.8.1',
280 silly addNameRange     '0.8.2',
280 silly addNameRange     '0.8.3',
280 silly addNameRange     '0.8.4',
280 silly addNameRange     '0.8.5',
280 silly addNameRange     '0.8.6',
280 silly addNameRange     '0.8.7',
280 silly addNameRange     '0.8.8',
280 silly addNameRange     '0.8.9',
280 silly addNameRange     '0.9.0',
280 silly addNameRange     '0.9.1',
280 silly addNameRange     '0.9.2',
280 silly addNameRange     '0.9.3',
280 silly addNameRange     '0.10.0',
280 silly addNameRange     '0.10.1',
280 silly addNameRange     '0.10.2',
280 silly addNameRange     '0.10.3',
280 silly addNameRange     '0.10.4',
280 silly addNameRange     '0.10.5',
280 silly addNameRange     '0.10.6',
280 silly addNameRange     '0.10.7',
280 silly addNameRange     '0.11.0',
280 silly addNameRange     '0.11.1',
280 silly addNameRange     '0.12.0',
280 silly addNameRange     '0.12.1',
280 silly addNameRange     '0.12.2',
280 silly addNameRange     '0.12.3',
280 silly addNameRange     '0.12.4',
280 silly addNameRange     '0.13.0',
280 silly addNameRange     '0.14.0',
280 silly addNameRange     '0.14.1',
280 silly addNameRange     '0.14.2',
280 silly addNameRange     '0.15.0',
280 silly addNameRange     '0.15.1',
280 silly addNameRange     '0.15.2',
280 silly addNameRange     '0.15.3',
280 silly addNameRange     '0.15.4',
280 silly addNameRange     '0.16.0',
280 silly addNameRange     '0.16.1',
280 silly addNameRange     '0.16.2',
280 silly addNameRange     '0.16.3',
280 silly addNameRange     '0.16.4',
280 silly addNameRange     '0.17.0',
280 silly addNameRange     '0.18.0',
280 silly addNameRange     '0.19.0',
280 silly addNameRange     '0.20.0',
280 silly addNameRange     '0.20.1',
280 silly addNameRange     '0.20.2',
280 silly addNameRange     '0.20.3',
280 silly addNameRange     '0.21.0',
280 silly addNameRange     '0.22.0',
280 silly addNameRange     '0.22.1',
280 silly addNameRange     '0.23.0',
280 silly addNameRange     '0.24.0',
280 silly addNameRange     '0.25.0',
280 silly addNameRange     '0.26.0',
280 silly addNameRange     '0.26.1',
280 silly addNameRange     '0.26.2',
280 silly addNameRange     '0.26.3',
280 silly addNameRange     '0.27.0',
280 silly addNameRange     '0.27.1',
280 silly addNameRange     '0.27.2',
280 silly addNameRange     '0.27.3',
280 silly addNameRange     '0.27.4',
280 silly addNameRange     '0.27.5',
280 silly addNameRange     '0.27.6',
280 silly addNameRange     '0.27.7',
280 silly addNameRange     '0.28.0',
280 silly addNameRange     '0.28.1',
280 silly addNameRange     '0.28.2',
280 silly addNameRange     '0.29.0',
280 silly addNameRange     '0.30.0',
280 silly addNameRange     '0.31.0',
280 silly addNameRange     '0.31.1',
280 silly addNameRange     '0.31.2',
280 silly addNameRange     '0.32.0',
280 silly addNameRange     '0.33.0',
280 silly addNameRange     '0.34.0',
280 silly addNameRange     '0.34.1',
280 silly addNameRange     '0.35.0',
280 silly addNameRange     '1.0.0',
280 silly addNameRange     '1.0.1',
280 silly addNameRange     '1.0.2',
280 silly addNameRange     '1.1.0',
280 silly addNameRange     '1.1.1',
280 silly addNameRange     '1.1.2',
280 silly addNameRange     '1.1.3',
280 silly addNameRange     '1.1.4',
280 silly addNameRange     '1.1.5',
280 silly addNameRange     '1.2.0',
280 silly addNameRange     '1.3.0',
280 silly addNameRange     '1.3.1',
280 silly addNameRange     '1.4.0',
280 silly addNameRange     '1.4.1',
280 silly addNameRange     '1.4.2',
280 silly addNameRange     '1.5.0',
280 silly addNameRange     '1.6.0',
280 silly addNameRange     '1.7.0',
280 silly addNameRange     '1.8.0',
280 silly addNameRange     '1.8.1',
280 silly addNameRange     '1.8.2',
280 silly addNameRange     '1.9.0',
280 silly addNameRange     '1.9.1',
280 silly addNameRange     '1.9.2' ] ]
281 verbose addNamed [ 'jade', '1.9.2' ]
282 verbose addNamed [ '1.9.2', '1.9.2' ]
283 silly lockFile 20e0e06b-jade-1-9-2 jade@1.9.2
284 verbose lock jade@1.9.2 /Users/Krishna/.npm/20e0e06b-jade-1-9-2.lock
285 silly lockFile 481cf773-ry-npmjs-org-jade-jade-1-9-2-tgz https://registry.npmjs.org/jade/-/jade-1.9.2.tgz
286 verbose lock https://registry.npmjs.org/jade/-/jade-1.9.2.tgz /Users/Krishna/.npm/481cf773-ry-npmjs-org-jade-jade-1-9-2-tgz.lock
287 verbose addRemoteTarball [ 'https://registry.npmjs.org/jade/-/jade-1.9.2.tgz',
287 verbose addRemoteTarball   '0b89f9c60d4ead2738e826ba7b2ccac9a5702abe' ]
288 info retry fetch attempt 1 at 18:34:41
289 verbose fetch to= /var/folders/sh/t520lg613sz_n2yqc7231f6w0000gn/T/npm-640-RmHT1Qtw/registry.npmjs.org/jade/-/jade-1.9.2.tgz
290 http GET https://registry.npmjs.org/jade/-/jade-1.9.2.tgz
291 http 200 https://registry.npmjs.org/request/-/request-2.53.0.tgz
292 silly lockFile ba72365e-s-org-request-request-2-53-0-tgz https://registry.npmjs.org/request/-/request-2.53.0.tgz
293 silly lockFile ba72365e-s-org-request-request-2-53-0-tgz https://registry.npmjs.org/request/-/request-2.53.0.tgz
294 silly lockFile aee8052e-request-2-53-0 request@2.53.0
295 silly lockFile aee8052e-request-2-53-0 request@2.53.0
296 silly lockFile e4d1ae68-request-2-x request@~2.x
297 silly lockFile e4d1ae68-request-2-x request@~2.x
298 http 200 https://registry.npmjs.org/jade/-/jade-1.9.2.tgz
299 http 200 https://registry.npmjs.org/express
300 silly registry.get cb [ 200,
300 silly registry.get   { date: 'Mon, 09 Feb 2015 02:34:41 GMT',
300 silly registry.get     server: 'CouchDB/1.5.0 (Erlang OTP/R16B03)',
300 silly registry.get     etag: '"9YSEYR9SDE1OZ5UVHLLVMJ6HM"',
300 silly registry.get     'content-type': 'application/json',
300 silly registry.get     'cache-control': 'max-age=60',
300 silly registry.get     'content-length': '469634',
300 silly registry.get     'accept-ranges': 'bytes',
300 silly registry.get     via: '1.1 varnish',
300 silly registry.get     age: '2',
300 silly registry.get     'x-served-by': 'cache-lax1433-LAX',
300 silly registry.get     'x-cache': 'HIT',
300 silly registry.get     'x-cache-hits': '1',
300 silly registry.get     'x-timer': 'S1423449281.016350,VS0,VE2',
300 silly registry.get     vary: 'Accept',
300 silly registry.get     'keep-alive': 'timeout=10, max=49',
300 silly registry.get     connection: 'Keep-Alive' } ]
301 silly addNameRange number 2 { name: 'express', range: '>=4.11.1-0 <4.12.0-0', hasData: true }
302 silly addNameRange versions [ 'express',
302 silly addNameRange   [ '0.14.0',
302 silly addNameRange     '0.14.1',
302 silly addNameRange     '1.0.0',
302 silly addNameRange     '1.0.1',
302 silly addNameRange     '1.0.2',
302 silly addNameRange     '1.0.3',
302 silly addNameRange     '1.0.4',
302 silly addNameRange     '1.0.5',
302 silly addNameRange     '1.0.6',
302 silly addNameRange     '1.0.7',
302 silly addNameRange     '1.0.8',
302 silly addNameRange     '2.0.0',
302 silly addNameRange     '2.1.0',
302 silly addNameRange     '2.1.1',
302 silly addNameRange     '2.2.0',
302 silly addNameRange     '2.2.1',
302 silly addNameRange     '2.2.2',
302 silly addNameRange     '2.3.0',
302 silly addNameRange     '2.3.1',
302 silly addNameRange     '2.3.2',
302 silly addNameRange     '2.3.3',
302 silly addNameRange     '2.3.4',
302 silly addNameRange     '2.3.5',
302 silly addNameRange     '2.3.6',
302 silly addNameRange     '2.3.7',
302 silly addNameRange     '2.3.8',
302 silly addNameRange     '2.3.9',
302 silly addNameRange     '2.3.10',
302 silly addNameRange     '2.3.11',
302 silly addNameRange     '2.3.12',
302 silly addNameRange     '2.4.0',
302 silly addNameRange     '2.4.1',
302 silly addNameRange     '2.4.2',
302 silly addNameRange     '2.4.3',
302 silly addNameRange     '2.4.4',
302 silly addNameRange     '2.4.5',
302 silly addNameRange     '2.4.6',
302 silly addNameRange     '2.4.7',
302 silly addNameRange     '2.5.0',
302 silly addNameRange     '2.5.1',
302 silly addNameRange     '2.5.2',
302 silly addNameRange     '2.5.3',
302 silly addNameRange     '2.5.4',
302 silly addNameRange     '2.5.5',
302 silly addNameRange     '2.5.6',
302 silly addNameRange     '2.5.7',
302 silly addNameRange     '2.5.8',
302 silly addNameRange     '2.5.9',
302 silly addNameRange     '2.5.10',
302 silly addNameRange     '2.5.11',
302 silly addNameRange     '3.0.0',
302 silly addNameRange     '3.0.1',
302 silly addNameRange     '3.0.2',
302 silly addNameRange     '3.0.3',
302 silly addNameRange     '3.0.4',
302 silly addNameRange     '3.0.5',
302 silly addNameRange     '3.0.6',
302 silly addNameRange     '3.1.0',
302 silly addNameRange     '3.1.1',
302 silly addNameRange     '3.1.2',
302 silly addNameRange     '3.2.0',
302 silly addNameRange     '3.2.1',
302 silly addNameRange     '3.2.2',
302 silly addNameRange     '3.2.3',
302 silly addNameRange     '3.2.4',
302 silly addNameRange     '3.2.5',
302 silly addNameRange     '3.2.6',
302 silly addNameRange     '3.3.0',
302 silly addNameRange     '3.3.1',
302 silly addNameRange     '3.3.2',
302 silly addNameRange     '3.3.3',
302 silly addNameRange     '3.3.4',
302 silly addNameRange     '3.3.5',
302 silly addNameRange     '3.3.6',
302 silly addNameRange     '1.0.0-beta',
302 silly addNameRange     '1.0.0-beta2',
302 silly addNameRange     '1.0.0-rc',
302 silly addNameRange     '1.0.0-rc2',
302 silly addNameRange     '1.0.0-rc3',
302 silly addNameRange     '1.0.0-rc4',
302 silly addNameRange     '2.0.0-beta',
302 silly addNameRange     '2.0.0-beta2',
302 silly addNameRange     '2.0.0-beta3',
302 silly addNameRange     '2.0.0-rc',
302 silly addNameRange     '2.0.0-rc2',
302 silly addNameRange     '2.0.0-rc3',
302 silly addNameRange     '3.0.0-alpha1',
302 silly addNameRange     '3.0.0-alpha2',
302 silly addNameRange     '3.0.0-alpha3',
302 silly addNameRange     '3.0.0-alpha4',
302 silly addNameRange     '3.0.0-alpha5',
302 silly addNameRange     '3.0.0-beta1',
302 silly addNameRange     '3.0.0-beta2',
302 silly addNameRange     '3.0.0-beta3',
302 silly addNameRange     '3.0.0-beta4',
302 silly addNameRange     '3.0.0-beta6',
302 silly addNameRange     '3.0.0-beta7',
302 silly addNameRange     '3.0.0-rc1',
302 silly addNameRange     '3.0.0-rc2',
302 silly addNameRange     '3.0.0-rc3',
302 silly addNameRange     '3.0.0-rc4',
302 silly addNameRange     '3.0.0-rc5',
302 silly addNameRange     '3.3.7',
302 silly addNameRange     '3.3.8',
302 silly addNameRange     '3.4.0',
302 silly addNameRange     '3.4.1',
302 silly addNameRange     '3.4.2',
302 silly addNameRange     '3.4.3',
302 silly addNameRange     '3.4.4',
302 silly addNameRange     '3.4.5',
302 silly addNameRange     '3.4.6',
302 silly addNameRange     '3.4.7',
302 silly addNameRange     '3.4.8',
302 silly addNameRange     '4.0.0-rc1',
302 silly addNameRange     '4.0.0-rc2',
302 silly addNameRange     '3.5.0',
302 silly addNameRange     '4.0.0-rc3',
302 silly addNameRange     '4.0.0-rc4',
302 silly addNameRange     '3.5.1',
302 silly addNameRange     '4.0.0',
302 silly addNameRange     '3.5.2',
302 silly addNameRange     '4.1.0',
302 silly addNameRange     '4.1.1',
302 silly addNameRange     '3.5.3',
302 silly addNameRange     '4.1.2',
302 silly addNameRange     '3.6.0',
302 silly addNameRange     '4.2.0',
302 silly addNameRange     '3.7.0',
302 silly addNameRange     '3.8.0',
302 silly addNameRange     '4.3.0',
302 silly addNameRange     '4.3.1',
302 silly addNameRange     '3.8.1',
302 silly addNameRange     '4.3.2',
302 silly addNameRange     '3.9.0',
302 silly addNameRange     '4.4.0',
302 silly addNameRange     '4.4.1',
302 silly addNameRange     '3.10.0',
302 silly addNameRange     '3.10.1',
302 silly addNameRange     '3.10.2',
302 silly addNameRange     '3.10.3',
302 silly addNameRange     '3.10.4',
302 silly addNameRange     '4.4.2',
302 silly addNameRange     '3.10.5',
302 silly addNameRange     '4.4.3',
302 silly addNameRange     '3.11.0',
302 silly addNameRange     '4.4.4',
302 silly addNameRange     '3.12.0',
302 silly addNameRange     '3.12.1',
302 silly addNameRange     '4.4.5',
302 silly addNameRange     '3.13.0',
302 silly addNameRange     '4.5.0',
302 silly addNameRange     '4.5.1',
302 silly addNameRange     '3.14.0',
302 silly addNameRange     '4.6.0',
302 silly addNameRange     '4.6.1',
302 silly addNameRange     '3.15.0',
302 silly addNameRange     '4.7.0',
302 silly addNameRange     '3.15.1',
302 silly addNameRange     '4.7.1',
302 silly addNameRange     '3.15.2',
302 silly addNameRange     '4.7.2',
302 silly addNameRange     '4.7.3',
302 silly addNameRange     '3.15.3',
302 silly addNameRange     '4.7.4',
302 silly addNameRange     '3.16.0',
302 silly addNameRange     '4.8.0',
302 silly addNameRange     '3.16.1',
302 silly addNameRange     '4.8.1',
302 silly addNameRange     '3.16.2',
302 silly addNameRange     '4.8.2',
302 silly addNameRange     '3.16.3',
302 silly addNameRange     '3.16.4',
302 silly addNameRange     '4.8.3',
302 silly addNameRange     '3.16.5',
302 silly addNameRange     '3.16.6',
302 silly addNameRange     '4.8.4',
302 silly addNameRange     '3.16.7',
302 silly addNameRange     '4.8.5',
302 silly addNameRange     '3.16.8',
302 silly addNameRange     '4.8.6',
302 silly addNameRange     '3.16.9',
302 silly addNameRange     '4.8.7',
302 silly addNameRange     '3.16.10',
302 silly addNameRange     '4.8.8',
302 silly addNameRange     '3.17.0',
302 silly addNameRange     '3.17.1',
302 silly addNameRange     '4.9.0',
302 silly addNameRange     '3.17.2',
302 silly addNameRange     '4.9.1',
302 silly addNameRange     '4.9.2',
302 silly addNameRange     '3.17.3',
302 silly addNameRange     '4.9.3',
302 silly addNameRange     '3.17.4',
302 silly addNameRange     '4.9.4',
302 silly addNameRange     '3.17.5',
302 silly addNameRange     '4.9.5',
302 silly addNameRange     '3.17.6',
302 silly addNameRange     '3.17.7',
302 silly addNameRange     '4.9.6',
302 silly addNameRange     '4.9.7',
302 silly addNameRange     '3.17.8',
302 silly addNameRange     '4.9.8',
302 silly addNameRange     '3.18.0',
302 silly addNameRange     '3.18.1',
302 silly addNameRange     '4.10.0',
302 silly addNameRange     '3.18.2',
302 silly addNameRange     '4.10.1',
302 silly addNameRange     '5.0.0-alpha.1',
302 silly addNameRange     '3.18.3',
302 silly addNameRange     '4.10.2',
302 silly addNameRange     '3.18.4',
302 silly addNameRange     '4.10.3',
302 silly addNameRange     '4.10.4',
302 silly addNameRange     '4.10.5',
302 silly addNameRange     '3.18.5',
302 silly addNameRange     '3.18.6',
302 silly addNameRange     '4.10.6',
302 silly addNameRange     '4.10.7',
302 silly addNameRange     '3.19.0',
302 silly addNameRange     '4.10.8',
302 silly addNameRange     '4.11.0',
302 silly addNameRange     '3.19.1',
302 silly addNameRange     '4.11.1',
302 silly addNameRange     '3.19.2',
302 silly addNameRange     '4.11.2' ] ]
303 verbose addNamed [ 'express', '4.11.2' ]
304 verbose addNamed [ '4.11.2', '4.11.2' ]
305 silly lockFile 69e74cc8-express-4-11-2 express@4.11.2
306 verbose lock express@4.11.2 /Users/Krishna/.npm/69e74cc8-express-4-11-2.lock
307 silly lockFile bad57c1d-s-org-express-express-4-11-2-tgz https://registry.npmjs.org/express/-/express-4.11.2.tgz
308 verbose lock https://registry.npmjs.org/express/-/express-4.11.2.tgz /Users/Krishna/.npm/bad57c1d-s-org-express-express-4-11-2-tgz.lock
309 verbose addRemoteTarball [ 'https://registry.npmjs.org/express/-/express-4.11.2.tgz',
309 verbose addRemoteTarball   '8df3d5a9ac848585f00a0777601823faecd3b148' ]
310 info retry fetch attempt 1 at 18:34:41
311 verbose fetch to= /var/folders/sh/t520lg613sz_n2yqc7231f6w0000gn/T/npm-640-RmHT1Qtw/registry.npmjs.org/express/-/express-4.11.2.tgz
312 http GET https://registry.npmjs.org/express/-/express-4.11.2.tgz
313 silly lockFile 481cf773-ry-npmjs-org-jade-jade-1-9-2-tgz https://registry.npmjs.org/jade/-/jade-1.9.2.tgz
314 silly lockFile 481cf773-ry-npmjs-org-jade-jade-1-9-2-tgz https://registry.npmjs.org/jade/-/jade-1.9.2.tgz
315 silly lockFile 20e0e06b-jade-1-9-2 jade@1.9.2
316 silly lockFile 20e0e06b-jade-1-9-2 jade@1.9.2
317 silly lockFile 73eba92c-jade-1-9-1 jade@~1.9.1
318 silly lockFile 73eba92c-jade-1-9-1 jade@~1.9.1
319 http 200 https://registry.npmjs.org/mongoose
320 silly registry.get cb [ 200,
320 silly registry.get   { date: 'Mon, 09 Feb 2015 02:34:41 GMT',
320 silly registry.get     server: 'CouchDB/1.5.0 (Erlang OTP/R16B03)',
320 silly registry.get     etag: '"9YJE3YLHAY7ZR324HLBGJZ2TU"',
320 silly registry.get     'content-type': 'application/json',
320 silly registry.get     'cache-control': 'max-age=60',
320 silly registry.get     'content-length': '294359',
320 silly registry.get     'accept-ranges': 'bytes',
320 silly registry.get     via: '1.1 varnish',
320 silly registry.get     age: '0',
320 silly registry.get     'x-served-by': 'cache-lax1435-LAX',
320 silly registry.get     'x-cache': 'HIT',
320 silly registry.get     'x-cache-hits': '1',
320 silly registry.get     'x-timer': 'S1423449281.043815,VS0,VE318',
320 silly registry.get     vary: 'Accept',
320 silly registry.get     'keep-alive': 'timeout=10, max=49',
320 silly registry.get     connection: 'Keep-Alive' } ]
321 silly addNameRange number 2 { name: 'mongoose', range: '>=3.8.0-0 <3.9.0-0', hasData: true }
322 silly addNameRange versions [ 'mongoose',
322 silly addNameRange   [ '0.0.1',
322 silly addNameRange     '0.0.2',
322 silly addNameRange     '0.0.3',
322 silly addNameRange     '0.0.4',
322 silly addNameRange     '0.0.5',
322 silly addNameRange     '1.0.0',
322 silly addNameRange     '1.0.1',
322 silly addNameRange     '1.0.2',
322 silly addNameRange     '0.0.6',
322 silly addNameRange     '1.0.3',
322 silly addNameRange     '1.0.4',
322 silly addNameRange     '1.0.5',
322 silly addNameRange     '1.0.6',
322 silly addNameRange     '1.0.7',
322 silly addNameRange     '1.0.8',
322 silly addNameRange     '1.0.10',
322 silly addNameRange     '1.0.11',
322 silly addNameRange     '1.0.12',
322 silly addNameRange     '1.0.13',
322 silly addNameRange     '1.0.14',
322 silly addNameRange     '1.0.15',
322 silly addNameRange     '1.0.16',
322 silly addNameRange     '1.1.0',
322 silly addNameRange     '1.1.1',
322 silly addNameRange     '1.1.2',
322 silly addNameRange     '1.1.3',
322 silly addNameRange     '1.1.4',
322 silly addNameRange     '1.1.5',
322 silly addNameRange     '1.1.6',
322 silly addNameRange     '1.1.7',
322 silly addNameRange     '1.1.8',
322 silly addNameRange     '1.1.9',
322 silly addNameRange     '1.1.10',
322 silly addNameRange     '1.1.11',
322 silly addNameRange     '1.1.12',
322 silly addNameRange     '1.1.13',
322 silly addNameRange     '1.1.14',
322 silly addNameRange     '1.1.15',
322 silly addNameRange     '1.1.16',
322 silly addNameRange     '1.1.17',
322 silly addNameRange     '1.1.18',
322 silly addNameRange     '1.1.19',
322 silly addNameRange     '1.1.20',
322 silly addNameRange     '1.1.21',
322 silly addNameRange     '1.1.22',
322 silly addNameRange     '1.1.23',
322 silly addNameRange     '1.1.24',
322 silly addNameRange     '1.1.25',
322 silly addNameRange     '1.2.0',
322 silly addNameRange     '1.3.0',
322 silly addNameRange     '1.3.1',
322 silly addNameRange     '1.3.2',
322 silly addNameRange     '1.3.3',
322 silly addNameRange     '1.3.4',
322 silly addNameRange     '1.3.5',
322 silly addNameRange     '1.3.6',
322 silly addNameRange     '1.3.7',
322 silly addNameRange     '1.4.0',
322 silly addNameRange     '1.5.0',
322 silly addNameRange     '1.6.0',
322 silly addNameRange     '1.7.2',
322 silly addNameRange     '1.7.3',
322 silly addNameRange     '1.7.4',
322 silly addNameRange     '1.8.0',
322 silly addNameRange     '1.8.1',
322 silly addNameRange     '1.8.2',
322 silly addNameRange     '1.8.3',
322 silly addNameRange     '1.8.4',
322 silly addNameRange     '2.0.0',
322 silly addNameRange     '2.0.1',
322 silly addNameRange     '2.0.2',
322 silly addNameRange     '2.0.3',
322 silly addNameRange     '2.0.4',
322 silly addNameRange     '2.1.0',
322 silly addNameRange     '2.1.1',
322 silly addNameRange     '2.1.2',
322 silly addNameRange     '2.1.3',
322 silly addNameRange     '2.1.4',
322 silly addNameRange     '2.2.0',
322 silly addNameRange     '2.2.1',
322 silly addNameRange     '2.2.2',
322 silly addNameRange     '2.2.3',
322 silly addNameRange     '2.2.4',
322 silly addNameRange     '2.3.0',
322 silly addNameRange     '2.3.1',
322 silly addNameRange     '2.3.2',
322 silly addNameRange     '2.3.3',
322 silly addNameRange     '2.3.4',
322 silly addNameRange     '2.3.5',
322 silly addNameRange     '2.3.6',
322 silly addNameRange     '2.3.7',
322 silly addNameRange     '2.3.8',
322 silly addNameRange     '2.3.9',
322 silly addNameRange     '2.3.10',
322 silly addNameRange     '2.3.11',
322 silly addNameRange     '2.3.12',
322 silly addNameRange     '2.3.13',
322 silly addNameRange     '2.4.0',
322 silly addNameRange     '2.4.1',
322 silly addNameRange     '2.4.2',
322 silly addNameRange     '2.4.3',
322 silly addNameRange     '2.4.4',
322 silly addNameRange     '2.4.5',
322 silly addNameRange     '2.4.6',
322 silly addNameRange     '2.4.7',
322 silly addNameRange     '2.4.8',
322 silly addNameRange     '2.4.9',
322 silly addNameRange     '2.4.10',
322 silly addNameRange     '2.5.0',
322 silly addNameRange     '2.5.1',
322 silly addNameRange     '2.5.2',
322 silly addNameRange     '2.5.3',
322 silly addNameRange     '2.5.4',
322 silly addNameRange     '2.5.5',
322 silly addNameRange     '2.5.6',
322 silly addNameRange     '2.5.7',
322 silly addNameRange     '2.5.8',
322 silly addNameRange     '2.5.9',
322 silly addNameRange     '2.5.10',
322 silly addNameRange     '2.5.11',
322 silly addNameRange     '2.5.12',
322 silly addNameRange     '2.5.13',
322 silly addNameRange     '2.5.14',
322 silly addNameRange     '2.6.0',
322 silly addNameRange     '2.6.1',
322 silly addNameRange     '2.6.2',
322 silly addNameRange     '2.6.3',
322 silly addNameRange     '2.6.4',
322 silly addNameRange     '2.6.5',
322 silly addNameRange     '2.6.6',
322 silly addNameRange     '2.6.7',
322 silly addNameRange     '2.6.8',
322 silly addNameRange     '2.7.0',
322 silly addNameRange     '2.7.1',
322 silly addNameRange     '2.7.2',
322 silly addNameRange     '2.7.4',
322 silly addNameRange     '2.7.3',
322 silly addNameRange     '3.0.0',
322 silly addNameRange     '3.0.1',
322 silly addNameRange     '3.0.2',
322 silly addNameRange     '2.8.0',
322 silly addNameRange     '3.0.3',
322 silly addNameRange     '3.1.0',
322 silly addNameRange     '2.8.1',
322 silly addNameRange     '3.1.1',
322 silly addNameRange     '2.8.2',
322 silly addNameRange     '2.8.3',
322 silly addNameRange     '2.9.0',
322 silly addNameRange     '3.2.0',
322 silly addNameRange     '2.9.1',
322 silly addNameRange     '3.2.1',
322 silly addNameRange     '2.9.2',
322 silly addNameRange     '3.2.2',
322 silly addNameRange     '3.3.0',
322 silly addNameRange     '3.3.1',
322 silly addNameRange     '2.9.3',
322 silly addNameRange     '3.4.0',
322 silly addNameRange     '2.9.4',
322 silly addNameRange     '2.9.5',
322 silly addNameRange     '3.5.0',
322 silly addNameRange     '3.5.1',
322 silly addNameRange     '3.5.2',
322 silly addNameRange     '3.5.3',
322 silly addNameRange     '2.9.6',
322 silly addNameRange     '2.9.7',
322 silly addNameRange     '3.5.4',
322 silly addNameRange     '3.5.5',
322 silly addNameRange     '2.9.8',
322 silly addNameRange     '2.9.9',
322 silly addNameRange     '3.5.6',
322 silly addNameRange     '3.5.7',
322 silly addNameRange     '3.5.8',
322 silly addNameRange     '2.9.10',
322 silly addNameRange     '3.5.9',
322 silly addNameRange     '3.6.2',
322 silly addNameRange     '3.5.10',
322 silly addNameRange     '3.6.3',
322 silly addNameRange     '3.5.11',
322 silly addNameRange     '3.6.4',
322 silly addNameRange     '3.6.5',
322 silly addNameRange     '3.6.6',
322 silly addNameRange     '3.6.7',
322 silly addNameRange     '3.5.12',
322 silly addNameRange     '3.6.8',
322 silly addNameRange     '3.6.9',
322 silly addNameRange     '3.6.10',
322 silly addNameRange     '3.5.13',
322 silly addNameRange     '3.5.14',
322 silly addNameRange     '3.6.11',
322 silly addNameRange     '3.6.12',
322 silly addNameRange     '3.6.13',
322 silly addNameRange     '3.6.14',
322 silly addNameRange     '3.6.15',
322 silly addNameRange     '3.5.15',
322 silly addNameRange     '3.7.0',
322 silly addNameRange     '3.6.16',
322 silly addNameRange     '3.5.16',
322 silly addNameRange     '3.6.17',
322 silly addNameRange     '3.7.2',
322 silly addNameRange     '3.0.0-alpha1',
322 silly addNameRange     '3.0.0-alpha2',
322 silly addNameRange     '3.0.0-rc0',
322 silly addNameRange     '3.6.0-rc0',
322 silly addNameRange     '3.6.0-rc1',
322 silly addNameRange     '3.6.18',
322 silly addNameRange     '3.7.3',
322 silly addNameRange     '3.6.19',
322 silly addNameRange     '3.6.20',
322 silly addNameRange     '3.7.4',
322 silly addNameRange     '3.8.0',
322 silly addNameRange     '3.8.1',
322 silly addNameRange     '3.8.2',
322 silly addNameRange     '3.8.3',
322 silly addNameRange     '3.8.4',
322 silly addNameRange     '3.8.5',
322 silly addNameRange     '3.8.6',
322 silly addNameRange     '3.8.7',
322 silly addNameRange     '3.8.8',
322 silly addNameRange     '3.8.9',
322 silly addNameRange     '3.8.10',
322 silly addNameRange     '3.8.11',
322 silly addNameRange     '3.9.0',
322 silly addNameRange     '3.8.12',
322 silly addNameRange     '3.8.13',
322 silly addNameRange     '3.8.14',
322 silly addNameRange     '3.8.15',
322 silly addNameRange     '3.9.1',
322 silly addNameRange     '3.8.16',
322 silly addNameRange     '3.9.2',
322 silly addNameRange     '3.8.17',
322 silly addNameRange     '3.9.3',
322 silly addNameRange     '3.8.18',
322 silly addNameRange     '3.9.4',
322 silly addNameRange     '3.8.19',
322 silly addNameRange     '3.9.5',
322 silly addNameRange     '3.8.20',
322 silly addNameRange     '3.9.6',
322 silly addNameRange     '3.8.21',
322 silly addNameRange     '3.9.7',
322 silly addNameRange     '3.8.22',
322 silly addNameRange     '4.0.0-rc0',
322 silly addNameRange     '4.0.0-rc1',
322 silly addNameRange     '3.8.23' ] ]
323 verbose addNamed [ 'mongoose', '3.8.23' ]
324 verbose addNamed [ '3.8.23', '3.8.23' ]
325 silly lockFile 938c12eb-mongoose-3-8-23 mongoose@3.8.23
326 verbose lock mongoose@3.8.23 /Users/Krishna/.npm/938c12eb-mongoose-3-8-23.lock
327 silly lockFile 3793a4e1-org-mongoose-mongoose-3-8-23-tgz https://registry.npmjs.org/mongoose/-/mongoose-3.8.23.tgz
328 verbose lock https://registry.npmjs.org/mongoose/-/mongoose-3.8.23.tgz /Users/Krishna/.npm/3793a4e1-org-mongoose-mongoose-3-8-23-tgz.lock
329 verbose addRemoteTarball [ 'https://registry.npmjs.org/mongoose/-/mongoose-3.8.23.tgz',
329 verbose addRemoteTarball   'c2dbee69d9d3776006330165f6e2681174c2ce6b' ]
330 info retry fetch attempt 1 at 18:34:41
331 verbose fetch to= /var/folders/sh/t520lg613sz_n2yqc7231f6w0000gn/T/npm-640-RmHT1Qtw/registry.npmjs.org/mongoose/-/mongoose-3.8.23.tgz
332 http GET https://registry.npmjs.org/mongoose/-/mongoose-3.8.23.tgz
333 http 200 https://registry.npmjs.org/express/-/express-4.11.2.tgz
334 silly lockFile bad57c1d-s-org-express-express-4-11-2-tgz https://registry.npmjs.org/express/-/express-4.11.2.tgz
335 silly lockFile bad57c1d-s-org-express-express-4-11-2-tgz https://registry.npmjs.org/express/-/express-4.11.2.tgz
336 silly lockFile 69e74cc8-express-4-11-2 express@4.11.2
337 silly lockFile 69e74cc8-express-4-11-2 express@4.11.2
338 silly lockFile 494d735c-express-4-11-1 express@~4.11.1
339 silly lockFile 494d735c-express-4-11-1 express@~4.11.1
340 http 200 https://registry.npmjs.org/mongoose/-/mongoose-3.8.23.tgz
341 silly lockFile 3793a4e1-org-mongoose-mongoose-3-8-23-tgz https://registry.npmjs.org/mongoose/-/mongoose-3.8.23.tgz
342 silly lockFile 3793a4e1-org-mongoose-mongoose-3-8-23-tgz https://registry.npmjs.org/mongoose/-/mongoose-3.8.23.tgz
343 silly lockFile 938c12eb-mongoose-3-8-23 mongoose@3.8.23
344 silly lockFile 938c12eb-mongoose-3-8-23 mongoose@3.8.23
345 silly lockFile 39330171-mongoose-3-8-x mongoose@~3.8.x
346 silly lockFile 39330171-mongoose-3-8-x mongoose@~3.8.x
347 error Error: EACCES, mkdir '/Users/Krishna/.npm/jade/1.9.2'
347 error  { [Error: EACCES, mkdir '/Users/Krishna/.npm/jade/1.9.2']
347 error   errno: 3,
347 error   code: 'EACCES',
347 error   path: '/Users/Krishna/.npm/jade/1.9.2',
347 error   parent: 'math_server' }
348 error Please try running this command again as root/Administrator.
349 error System Darwin 14.1.0
350 error command "node" "/usr/local/bin/npm" "install"
351 error cwd /Users/Krishna/Desktop/XCodeApps/Speedy/server/math_server
352 error node -v v0.10.35
353 error npm -v 1.4.28
354 error path /Users/Krishna/.npm/jade/1.9.2
355 error code EACCES
356 error errno 3
357 error stack Error: EACCES, mkdir '/Users/Krishna/.npm/jade/1.9.2'
358 verbose exit [ 3, true ]
